node:internal/modules/cjs/loader:1228
  throw err;
  ^

Error: Cannot find module '@supabase/supabase-js'
Require stack:
- /home/user/fin-ed/backend/db.js
- /home/user/fin-ed/backend/routes/auth.js
- /home/user/fin-ed/backend/server.js
    at Module._resolveFilename (node:internal/modules/cjs/loader:1225:15)
    at Module._load (node:internal/modules/cjs/loader:1051:27)
    at Module.require (node:internal/modules/cjs/loader:1311:19)
    at require (node:internal/modules/helpers:179:18)
    at Object.<anonymous> (/home/user/fin-ed/backend/db.js:1:26)
    at Module._compile (node:internal/modules/cjs/loader:1469:14)
    at Module._extensions..js (node:internal/modules/cjs/loader:1548:10)
    at Module.load (node:internal/modules/cjs/loader:1288:32)
    at Module._load (node:internal/modules/cjs/loader:1104:12)
    at Module.require (node:internal/modules/cjs/loader:1311:19) {
  code: 'MODULE_NOT_FOUND',
  requireStack: [
    '/home/user/fin-ed/backend/db.js',
    '/home/user/fin-ed/backend/routes/auth.js',
    '/home/user/fin-ed/backend/server.js'
  ]
}

Node.js v20.18.1
